Build started 6/24/2015 2:23:51 PM.
     1>Project "C:\CS172\Final_Project\ConsoleApplication1\ConsoleApplication1\ConsoleApplication1.vcxproj" on node 2 (Build target(s)).
     1>ClCompile:
         C:\Program Files (x86)\Microsoft Visual Studio 12.0\VC\bin\CL.exe /c /ZI /nologo /W3 /WX- /Od /Oy- /D WIN32 /D _DEBUG /D _CONSOLE /D _LIB /D _UNICODE /D UNICODE /Gm /EHsc /RTC1 /MDd /GS /fp:precise /Zc:wchar_t /Zc:forScope /Fo"Debug\\" /Fd"Debug\vc120.pdb" /Gd /TP /analyze- /errorReport:prompt GameOptions.cpp Main.cpp Player.cpp Practice.cpp
         Practice.cpp
         Player.cpp
         GameOptions.cpp
         Generating Code...
         Skipping... (no relevant changes detected)
         Main.cpp
       Link:
         C:\Program Files (x86)\Microsoft Visual Studio 12.0\VC\bin\link.exe /ERRORREPORT:PROMPT /OUT:"C:\CS172\Final_Project\ConsoleApplication1\Debug\ConsoleApplication1.exe" /INCREMENTAL /NOLOGO kernel32.lib user32.lib gdi32.lib winspool.lib comdlg32.lib advapi32.lib shell32.lib ole32.lib oleaut32.lib uuid.lib odbc32.lib odbccp32.lib /MANIFEST /MANIFESTUAC:"level='asInvoker' uiAccess='false'" /manifest:embed /DEBUG /PDB:"C:\CS172\Final_Project\ConsoleApplication1\Debug\ConsoleApplication1.pdb" /SUBSYSTEM:CONSOLE /TLBID:1 /DYNAMICBASE /NXCOMPAT /IMPLIB:"C:\CS172\Final_Project\ConsoleApplication1\Debug\ConsoleApplication1.lib" /MACHINE:X86 Debug\GameOptions.obj
         Debug\Main.obj
         Debug\Player.obj
         Debug\Practice.obj
         Debug\Statistics.obj
         ConsoleApplication1.vcxproj -> C:\CS172\Final_Project\ConsoleApplication1\Debug\ConsoleApplication1.exe
     1>Done Building Project "C:\CS172\Final_Project\ConsoleApplication1\ConsoleApplication1\ConsoleApplication1.vcxproj" (Build target(s)).

Build succeeded.

Time Elapsed 00:00:02.67
